0 info it worked if it ends with ok
1 verbose cli [ '/usr/bin/nodejs', '/usr/local/bin/npm', 'publish' ]
2 info using npm@3.8.2
3 info using node@v6.9.1
4 verbose publish [ '.' ]
5 silly cache add args [ '.', null ]
6 verbose cache add spec .
7 silly cache add parsed spec Result {
7 silly cache add   raw: '.',
7 silly cache add   scope: null,
7 silly cache add   name: null,
7 silly cache add   rawSpec: '.',
7 silly cache add   spec: '/home/kagami/dev/plugin-anchorage-repair',
7 silly cache add   type: 'directory' }
8 verbose addLocalDirectory /home/kagami/.npm/poi-plugin-anchorage-repair/0.1.3/package.tgz not in flight; packing
9 verbose correctMkdir /home/kagami/.npm correctMkdir not in flight; initializing
10 info lifecycle poi-plugin-anchorage-repair@0.1.3~prepublish: poi-plugin-anchorage-repair@0.1.3
11 silly lifecycle poi-plugin-anchorage-repair@0.1.3~prepublish: no script for prepublish, continuing
12 verbose tar pack [ '/home/kagami/.npm/poi-plugin-anchorage-repair/0.1.3/package.tgz',
12 verbose tar pack   '/home/kagami/dev/plugin-anchorage-repair' ]
13 verbose tarball /home/kagami/.npm/poi-plugin-anchorage-repair/0.1.3/package.tgz
14 verbose folder /home/kagami/dev/plugin-anchorage-repair
15 verbose addLocalTarball adding from inside cache /home/kagami/.npm/poi-plugin-anchorage-repair/0.1.3/package.tgz
16 verbose correctMkdir /home/kagami/.npm correctMkdir not in flight; initializing
17 silly cache afterAdd poi-plugin-anchorage-repair@0.1.3
18 verbose afterAdd /home/kagami/.npm/poi-plugin-anchorage-repair/0.1.3/package/package.json not in flight; writing
19 verbose correctMkdir /home/kagami/.npm correctMkdir not in flight; initializing
20 verbose afterAdd /home/kagami/.npm/poi-plugin-anchorage-repair/0.1.3/package/package.json written
21 silly publish { name: 'poi-plugin-anchorage-repair',
21 silly publish   version: '0.1.3',
21 silly publish   description: 'Anchorage repair plugin for poi',
21 silly publish   main: 'index.es',
21 silly publish   scripts: { test: 'echo "Error: no test specified" && exit 1' },
21 silly publish   repository:
21 silly publish    { type: 'git',
21 silly publish      url: 'git+https://github.com/KagamiChan/plugin-anchorage-repair.git' },
21 silly publish   author: { name: 'かがみ' },
21 silly publish   license: 'MIT',
21 silly publish   bugs: { url: 'https://github.com/KagamiChan/plugin-anchorage-repair/issues' },
21 silly publish   homepage: 'https://github.com/KagamiChan/plugin-anchorage-repair#readme',
21 silly publish   devDependencies:
21 silly publish    { 'babel-eslint': '^7.0.0',
21 silly publish      'babel-preset-es2017': '^6.16.0',
21 silly publish      eslint: '^3.8.1',
21 silly publish      'eslint-plugin-import': '^2.0.1',
21 silly publish      'eslint-plugin-react': '^6.4.1',
21 silly publish      lodash: '^4.16.4' },
21 silly publish   poiPlugin:
21 silly publish    { title: 'Anchorage repair',
21 silly publish      description: 'A plugin to help in Akashi\'s anchorage repair arrangement',
21 silly publish      icon: 'ti/anchor',
21 silly publish      priority: 9,
21 silly publish      apiVer: { '6.99.99': '0.1.0' } },
21 silly publish   readme: '# Anchorage repair plugin for poi\n\n[![npm package][npm-badge]][npm]\n\n## Description\nA plugin to help in Akashi\'s anchorage repair arrangement, features:\n\n- [x] estimate anchorage repair time\n- [x] notify upon ship repair completes\n\n## Limitations\n- When you change the fleet composition, Kancolle API will not renew ships\' HP, which may lead to inaccurate repair time estimation. You have to return to HQ screen to refresh ship data.\n\n## Basic mechanism\n### Docking repair time\nThe formula base on HP loss, level and ship type is already proved, while this value is also given in API\'s *api_ndock_time*.\n\n### Akashi\'s anchorage repair requirement\n- Akashi (or Kai) must be fleet flagship, with minor damage or less, and is not in docking.\n- Akashi can repair herslf and ship in 2nd lot, and plus one ship slot per Ship Repair Facility.\n- Ships get repaired at minor damage (HP > 50% max HP) or less.\n- ship is not in docking.\n\n### Repair time\n- it takes at least 20 minutes to repair ships by at least 1 HP\n- Above 20 minutes, the the amount will be the same as ships in docking, rounded down.\n- In the docking time formula, a 30-second bias is always added; the docking is actually finished, however, 1 minute earlier. And anchorage repair time will be **rounded up** to next minute.\n- The repair timer will reset by:\n  - returning to the HQ screen,\n  - changing fleet composition,\n  - docking fleet member with Bucket, normal docking won\'t reset (currently not covered in the plugin),\n  - sending the fleet to expedition.\n\n### Corner cases\nFollowing corner cases are not taken into consideration, thus the result may not behave as it could be.\n- changing Akashi\'s slot itmes, more precisely, changing the numbers of Ship Repair Facilities,\n- sending fleet to sortie.\n\n# Changelog\n## v0.1\nInitial version\n\n# References\n- <http://kancolle.wikia.com/wiki/Akashi#Anchorage_Repair>\n- <http://kancolle.wikia.com/wiki/Docking#Repair_time>\n- <http://wikiwiki.jp/kancolle/?%CC%C0%C0%D0#h2_content_1_1>\n- <https://en.kancollewiki.net/wiki/Auxiliary_Ships_Mechanics>\n\n# License\nMIT\n\n[npm-badge]: https://img.shields.io/npm/v/poi-plugin-anchorage-repair.svg?style=flat-square\n[npm]: https://www.npmjs.org/package/poi-plugin-anchorage-repair',
21 silly publish   readmeFilename: 'README.MD',
21 silly publish   gitHead: '82ebdc47edf0b76ede28a9b323a8001d002e0659',
21 silly publish   _id: 'poi-plugin-anchorage-repair@0.1.3',
21 silly publish   _shasum: '7498da250a0e2ca508b3bf0071631ea412690de4',
21 silly publish   _from: '.' }
22 verbose getPublishConfig undefined
23 silly mapToRegistry name poi-plugin-anchorage-repair
24 silly mapToRegistry using default registry
25 silly mapToRegistry registry https://registry.npmjs.org/
26 silly mapToRegistry uri https://registry.npmjs.org/poi-plugin-anchorage-repair
27 verbose publish registryBase https://registry.npmjs.org/
28 silly publish uploading /home/kagami/.npm/poi-plugin-anchorage-repair/0.1.3/package.tgz
29 verbose request uri https://registry.npmjs.org/poi-plugin-anchorage-repair
30 verbose request sending authorization for write operation
31 info attempt registry request try #1 at 3:27:59 AM
32 verbose request using bearer token for auth
33 verbose request id 0fab36f646224555
34 http request PUT https://registry.npmjs.org/poi-plugin-anchorage-repair
35 http 403 https://registry.npmjs.org/poi-plugin-anchorage-repair
36 verbose headers { 'content-type': 'application/json',
36 verbose headers   'cache-control': 'max-age=300',
36 verbose headers   'content-length': '95',
36 verbose headers   'accept-ranges': 'bytes',
36 verbose headers   date: 'Sat, 12 Nov 2016 19:28:01 GMT',
36 verbose headers   via: '1.1 varnish',
36 verbose headers   connection: 'keep-alive',
36 verbose headers   'x-served-by': 'cache-itm7426-ITM',
36 verbose headers   'x-cache': 'MISS',
36 verbose headers   'x-cache-hits': '0',
36 verbose headers   'x-timer': 'S1478978880.994069,VS0,VE604' }
37 verbose request invalidating /home/kagami/.npm/registry.npmjs.org/poi-plugin-anchorage-repair on PUT
38 error publish Failed PUT 403
39 verbose stack Error: "You cannot publish over the previously published version 0.1.3." : poi-plugin-anchorage-repair
39 verbose stack     at makeError (/usr/local/lib/node_modules/npm/node_modules/npm-registry-client/lib/request.js:264:12)
39 verbose stack     at CachingRegistryClient.<anonymous> (/usr/local/lib/node_modules/npm/node_modules/npm-registry-client/lib/request.js:252:14)
39 verbose stack     at Request._callback (/usr/local/lib/node_modules/npm/node_modules/npm-registry-client/lib/request.js:172:14)
39 verbose stack     at Request.self.callback (/usr/local/lib/node_modules/npm/node_modules/request/request.js:199:22)
39 verbose stack     at emitTwo (events.js:106:13)
39 verbose stack     at Request.emit (events.js:191:7)
39 verbose stack     at Request.<anonymous> (/usr/local/lib/node_modules/npm/node_modules/request/request.js:1036:10)
39 verbose stack     at emitOne (events.js:101:20)
39 verbose stack     at Request.emit (events.js:188:7)
39 verbose stack     at IncomingMessage.<anonymous> (/usr/local/lib/node_modules/npm/node_modules/request/request.js:963:12)
40 verbose statusCode 403
41 verbose pkgid poi-plugin-anchorage-repair
42 verbose cwd /home/kagami/dev/plugin-anchorage-repair
43 error Linux 4.7.0-1-amd64
44 error argv "/usr/bin/nodejs" "/usr/local/bin/npm" "publish"
45 error node v6.9.1
46 error npm  v3.8.2
47 error code E403
48 error "You cannot publish over the previously published version 0.1.3." : poi-plugin-anchorage-repair
49 error If you need help, you may report this error at:
49 error     <https://github.com/npm/npm/issues>
50 verbose exit [ 1, true ]
